<?xml version="1.0" encoding="UTF-8"?>
<Site BuildName="Linux-c++"
	BuildStamp="20250309-1002-Experimental"
	Name="Anton"
	Generator="ctest-3.31.6"
	CompilerName="/usr/bin/c++"
	CompilerVersion="14.2.1"
	OSName="Linux"
	Hostname="Anton"
	OSRelease="6.12.17-1-MANJARO"
	OSVersion="#1 SMP PREEMPT_DYNAMIC Thu, 27 Feb 2025 13:04:33 +0000"
	OSPlatform="x86_64"
	Is64Bits="1"
	VendorString="GenuineIntel"
	VendorID="Intel Corporation"
	FamilyID="6"
	ModelID="165"
	ModelName="Intel(R) Core(TM) i5-10400 CPU @ 2.90GHz"
	ProcessorCacheSize="12288"
	NumberOfLogicalCPU="12"
	NumberOfPhysicalCPU="6"
	TotalVirtualMemory="0"
	TotalPhysicalMemory="15840"
	LogicalProcessorsPerPhysical="2"
	ProcessorClockFrequency="3999.98"
	>
	<Testing>
		<StartDateTime>Mar 09 22:44 +04</StartDateTime>
		<StartTestTime>1741545898</StartTestTime>
		<TestList/>
		<EndDateTime>Mar 09 22:44 +04</EndDateTime>
		<EndTestTime>1741545898</EndTestTime>
		<ElapsedMinutes>0</ElapsedMinutes>
	</Testing>
</Site>
